<?xml version="1.0" encoding="utf-8"?><testsuites><testsuite name="pytest" errors="0" failures="0" skipped="0" tests="4" time="17.967" timestamp="2022-09-14T18:06:22.415543" hostname="DESKTOP-81BUCNL"><testcase classname="test_E2E.Test1" name="test_e2e" time="6.751" /><testcase classname="test_Homepage.TestHomePage" name="test_formSubmission[getData0]" time="2.489" /><testcase classname="test_Homepage.TestHomePage" name="test_formSubmission[getData1]" time="0.485" /><testcase classname="test_e2eproductlist.TestOne" name="test_e2e" time="7.925" /></testsuite></testsuites>